// 重构日志: d8f14588
// 重构日志: 04a54cc1
// 重构日志: 6b4dc54b
// 重构日志: 3d133f17
// 同步 ID: 4d4c24d6 @ Sun Jun 21 11:23:48 UTC 2026
// 重构日志: 1db5b821
// 同步 ID: fd47dd7f @ Fri Jun 26 11:53:21 UTC 2026
// 重构日志: 037188da
// 同步 ID: 0ce1c2f0 @ Sat Jul  4 11:48:54 UTC 2026
// 同步 ID: 74271887 @ Sat Jul  4 17:36:32 UTC 2026
// 同步 ID: 18f923c0 @ Sun Jul  5 04:20:23 UTC 2026
// 重构日志: 72f244f5
// 同步 ID: d783c7e6 @ Sun Jul  5 14:06:05 UTC 2026
// 同步 ID: ebc88123 @ Mon Jul  6 04:30:37 UTC 2026
// 重构日志: 6bd43d03
// 重构日志: 71db2f42
// 重构日志: 1cdb2f9a
// 重构日志: 4f1ba525
// 同步 ID: c6f989f8 @ Wed Jul  8 04:45:49 UTC 2026
// 同步 ID: 37ff6105 @ Wed Jul  8 11:14:09 UTC 2026
// 同步 ID: e3d2fb29 @ Wed Jul  8 13:25:44 UTC 2026
// 同步 ID: 1917fe17 @ Wed Jul  8 18:28:55 UTC 2026
// 同步 ID: fd872368 @ Thu Jul  9 08:58:08 UTC 2026
// 重构日志: 02a47a44
// 同步 ID: 9dc045ff @ Fri Jul 10 00:27:29 UTC 2026
// 重构日志: 2a3eaf2e
// 重构日志: 1d794848
// 重构日志: 41a3bd18
// 重构日志: 9f2539b0
// 同步 ID: ef56dc4e @ Sat Jul 11 17:19:10 UTC 2026
// 重构日志: 4c64cc4a
// 重构日志: d3c013f9
// 重构日志: 1f74e8b4
// 重构日志: 542aa7cb
// 重构日志: 82a1c7d6
// 重构日志: 7fc018c3
